RUN	HttpSimulation	httpsimulation	1552048125541	 	3.0.3
USER	My Scenario	1	START	1552048126821	1552048126821
USER	My Scenario	2	START	1552048126927	1552048126927
USER	My Scenario	3	START	1552048127025	1552048127025
USER	My Scenario	4	START	1552048127125	1552048127125
REQUEST	2		My Request	1552048126928	1552048127106	KO	status.find.in(200,201,202,203,204,205,206,207,208,209,304), found 415
REQUEST	1		My Request	1552048126901	1552048127106	KO	status.find.in(200,201,202,203,204,205,206,207,208,209,304), found 415
REQUEST	3		My Request	1552048127026	1552048127106	KO	status.find.in(200,201,202,203,204,205,206,207,208,209,304), found 415
USER	My Scenario	3	END	1552048127025	1552048127160
USER	My Scenario	2	END	1552048126927	1552048127160
USER	My Scenario	1	END	1552048126821	1552048127160
REQUEST	4		My Request	1552048127126	1552048127191	KO	status.find.in(200,201,202,203,204,205,206,207,208,209,304), found 415
USER	My Scenario	4	END	1552048127125	1552048127192
USER	My Scenario	5	START	1552048127225	1552048127225
REQUEST	5		My Request	1552048127226	1552048127289	KO	status.find.in(200,201,202,203,204,205,206,207,208,209,304), found 415
USER	My Scenario	5	END	1552048127225	1552048127291
USER	My Scenario	6	START	1552048127335	1552048127335
REQUEST	6		My Request	1552048127336	1552048127398	KO	status.find.in(200,201,202,203,204,205,206,207,208,209,304), found 415
USER	My Scenario	6	END	1552048127335	1552048127400
USER	My Scenario	7	START	1552048127437	1552048127437
REQUEST	7		My Request	1552048127438	1552048127489	KO	status.find.in(200,201,202,203,204,205,206,207,208,209,304), found 415
USER	My Scenario	7	END	1552048127437	1552048127490
USER	My Scenario	8	START	1552048127536	1552048127536
REQUEST	8		My Request	1552048127538	1552048127594	KO	status.find.in(200,201,202,203,204,205,206,207,208,209,304), found 415
USER	My Scenario	8	END	1552048127536	1552048127595
USER	My Scenario	9	START	1552048127636	1552048127636
REQUEST	9		My Request	1552048127638	1552048127659	KO	status.find.in(200,201,202,203,204,205,206,207,208,209,304), found 415
USER	My Scenario	9	END	1552048127636	1552048127660
USER	My Scenario	10	START	1552048127735	1552048127735
REQUEST	10		My Request	1552048127736	1552048127761	KO	status.find.in(200,201,202,203,204,205,206,207,208,209,304), found 415
USER	My Scenario	10	END	1552048127735	1552048127763
USER	My Scenario	11	START	1552048127837	1552048127837
REQUEST	11		My Request	1552048127838	1552048127858	KO	status.find.in(200,201,202,203,204,205,206,207,208,209,304), found 415
USER	My Scenario	11	END	1552048127837	1552048127860
USER	My Scenario	12	START	1552048127936	1552048127936
REQUEST	12		My Request	1552048127938	1552048127961	KO	status.find.in(200,201,202,203,204,205,206,207,208,209,304), found 415
USER	My Scenario	12	END	1552048127936	1552048127963
USER	My Scenario	13	START	1552048128037	1552048128037
REQUEST	13		My Request	1552048128038	1552048128058	KO	status.find.in(200,201,202,203,204,205,206,207,208,209,304), found 415
USER	My Scenario	13	END	1552048128037	1552048128060
USER	My Scenario	14	START	1552048128136	1552048128136
REQUEST	14		My Request	1552048128137	1552048128163	KO	status.find.in(200,201,202,203,204,205,206,207,208,209,304), found 415
USER	My Scenario	14	END	1552048128136	1552048128165
USER	My Scenario	15	START	1552048128237	1552048128237
REQUEST	15		My Request	1552048128238	1552048128262	KO	status.find.in(200,201,202,203,204,205,206,207,208,209,304), found 415
USER	My Scenario	15	END	1552048128237	1552048128263
USER	My Scenario	16	START	1552048128336	1552048128336
REQUEST	16		My Request	1552048128338	1552048128362	KO	status.find.in(200,201,202,203,204,205,206,207,208,209,304), found 415
USER	My Scenario	16	END	1552048128336	1552048128364
USER	My Scenario	17	START	1552048128438	1552048128438
REQUEST	17		My Request	1552048128439	1552048128457	KO	status.find.in(200,201,202,203,204,205,206,207,208,209,304), found 415
USER	My Scenario	17	END	1552048128438	1552048128458
USER	My Scenario	18	START	1552048128537	1552048128537
REQUEST	18		My Request	1552048128538	1552048128564	KO	status.find.in(200,201,202,203,204,205,206,207,208,209,304), found 415
USER	My Scenario	18	END	1552048128537	1552048128565
USER	My Scenario	19	START	1552048128638	1552048128638
REQUEST	19		My Request	1552048128639	1552048128664	KO	status.find.in(200,201,202,203,204,205,206,207,208,209,304), found 415
USER	My Scenario	19	END	1552048128638	1552048128666
USER	My Scenario	20	START	1552048128735	1552048128735
REQUEST	20		My Request	1552048128736	1552048128763	KO	status.find.in(200,201,202,203,204,205,206,207,208,209,304), found 415
USER	My Scenario	20	END	1552048128735	1552048128765
USER	My Scenario	21	START	1552048128837	1552048128837
REQUEST	21		My Request	1552048128838	1552048128863	KO	status.find.in(200,201,202,203,204,205,206,207,208,209,304), found 415
USER	My Scenario	21	END	1552048128837	1552048128865
USER	My Scenario	22	START	1552048128907	1552048128907
REQUEST	22		My Request	1552048128909	1552048128935	KO	status.find.in(200,201,202,203,204,205,206,207,208,209,304), found 415
USER	My Scenario	22	END	1552048128907	1552048128936
USER	My Scenario	23	START	1552048129007	1552048129007
REQUEST	23		My Request	1552048129009	1552048129036	KO	status.find.in(200,201,202,203,204,205,206,207,208,209,304), found 415
USER	My Scenario	23	END	1552048129007	1552048129038
USER	My Scenario	24	START	1552048129107	1552048129107
REQUEST	24		My Request	1552048129108	1552048129127	KO	status.find.in(200,201,202,203,204,205,206,207,208,209,304), found 415
USER	My Scenario	24	END	1552048129107	1552048129129
USER	My Scenario	25	START	1552048129207	1552048129207
REQUEST	25		My Request	1552048129209	1552048129238	KO	status.find.in(200,201,202,203,204,205,206,207,208,209,304), found 415
USER	My Scenario	25	END	1552048129207	1552048129240
USER	My Scenario	26	START	1552048129307	1552048129307
REQUEST	26		My Request	1552048129309	1552048129333	KO	status.find.in(200,201,202,203,204,205,206,207,208,209,304), found 415
USER	My Scenario	26	END	1552048129307	1552048129335
USER	My Scenario	27	START	1552048129408	1552048129408
REQUEST	27		My Request	1552048129409	1552048129433	KO	status.find.in(200,201,202,203,204,205,206,207,208,209,304), found 415
USER	My Scenario	27	END	1552048129408	1552048129435
USER	My Scenario	28	START	1552048129507	1552048129507
REQUEST	28		My Request	1552048129508	1552048129530	KO	status.find.in(200,201,202,203,204,205,206,207,208,209,304), found 415
USER	My Scenario	28	END	1552048129507	1552048129532
USER	My Scenario	29	START	1552048129605	1552048129605
REQUEST	29		My Request	1552048129606	1552048129623	KO	status.find.in(200,201,202,203,204,205,206,207,208,209,304), found 415
USER	My Scenario	29	END	1552048129605	1552048129625
USER	My Scenario	30	START	1552048129707	1552048129707
REQUEST	30		My Request	1552048129708	1552048129731	KO	status.find.in(200,201,202,203,204,205,206,207,208,209,304), found 415
USER	My Scenario	30	END	1552048129707	1552048129732
USER	My Scenario	31	START	1552048129807	1552048129807
REQUEST	31		My Request	1552048129808	1552048129824	KO	status.find.in(200,201,202,203,204,205,206,207,208,209,304), found 415
USER	My Scenario	31	END	1552048129807	1552048129825
USER	My Scenario	32	START	1552048129907	1552048129907
REQUEST	32		My Request	1552048129908	1552048129932	KO	status.find.in(200,201,202,203,204,205,206,207,208,209,304), found 415
USER	My Scenario	32	END	1552048129907	1552048129934
USER	My Scenario	33	START	1552048130006	1552048130006
REQUEST	33		My Request	1552048130008	1552048130025	KO	status.find.in(200,201,202,203,204,205,206,207,208,209,304), found 415
USER	My Scenario	33	END	1552048130006	1552048130027
USER	My Scenario	34	START	1552048130107	1552048130107
REQUEST	34		My Request	1552048130109	1552048130136	KO	status.find.in(200,201,202,203,204,205,206,207,208,209,304), found 415
USER	My Scenario	34	END	1552048130107	1552048130139
USER	My Scenario	35	START	1552048130207	1552048130207
REQUEST	35		My Request	1552048130209	1552048130234	KO	status.find.in(200,201,202,203,204,205,206,207,208,209,304), found 415
USER	My Scenario	35	END	1552048130207	1552048130235
USER	My Scenario	36	START	1552048130307	1552048130307
REQUEST	36		My Request	1552048130308	1552048130331	KO	status.find.in(200,201,202,203,204,205,206,207,208,209,304), found 415
USER	My Scenario	36	END	1552048130307	1552048130333
USER	My Scenario	37	START	1552048130406	1552048130406
REQUEST	37		My Request	1552048130409	1552048130427	KO	status.find.in(200,201,202,203,204,205,206,207,208,209,304), found 415
USER	My Scenario	37	END	1552048130406	1552048130429
USER	My Scenario	38	START	1552048130506	1552048130506
REQUEST	38		My Request	1552048130507	1552048130530	KO	status.find.in(200,201,202,203,204,205,206,207,208,209,304), found 415
USER	My Scenario	38	END	1552048130506	1552048130531
USER	My Scenario	39	START	1552048130605	1552048130605
REQUEST	39		My Request	1552048130606	1552048130629	KO	status.find.in(200,201,202,203,204,205,206,207,208,209,304), found 415
USER	My Scenario	39	END	1552048130605	1552048130630
USER	My Scenario	40	START	1552048130705	1552048130705
REQUEST	40		My Request	1552048130707	1552048130730	KO	status.find.in(200,201,202,203,204,205,206,207,208,209,304), found 415
USER	My Scenario	40	END	1552048130705	1552048130732
USER	My Scenario	41	START	1552048130806	1552048130806
REQUEST	41		My Request	1552048130807	1552048130831	KO	status.find.in(200,201,202,203,204,205,206,207,208,209,304), found 415
USER	My Scenario	41	END	1552048130806	1552048130832
USER	My Scenario	42	START	1552048130905	1552048130905
REQUEST	42		My Request	1552048130906	1552048130926	KO	status.find.in(200,201,202,203,204,205,206,207,208,209,304), found 415
USER	My Scenario	42	END	1552048130905	1552048130927
USER	My Scenario	43	START	1552048131007	1552048131007
REQUEST	43		My Request	1552048131009	1552048131033	KO	status.find.in(200,201,202,203,204,205,206,207,208,209,304), found 415
USER	My Scenario	43	END	1552048131007	1552048131035
USER	My Scenario	44	START	1552048131107	1552048131107
REQUEST	44		My Request	1552048131109	1552048131133	KO	status.find.in(200,201,202,203,204,205,206,207,208,209,304), found 415
USER	My Scenario	44	END	1552048131107	1552048131135
USER	My Scenario	45	START	1552048131207	1552048131207
REQUEST	45		My Request	1552048131208	1552048131225	KO	status.find.in(200,201,202,203,204,205,206,207,208,209,304), found 415
USER	My Scenario	45	END	1552048131207	1552048131226
USER	My Scenario	46	START	1552048131307	1552048131307
REQUEST	46		My Request	1552048131308	1552048131323	KO	status.find.in(200,201,202,203,204,205,206,207,208,209,304), found 415
USER	My Scenario	46	END	1552048131307	1552048131325
USER	My Scenario	47	START	1552048131407	1552048131407
REQUEST	47		My Request	1552048131408	1552048131427	KO	status.find.in(200,201,202,203,204,205,206,207,208,209,304), found 415
USER	My Scenario	47	END	1552048131407	1552048131428
USER	My Scenario	48	START	1552048131507	1552048131507
REQUEST	48		My Request	1552048131508	1552048131531	KO	status.find.in(200,201,202,203,204,205,206,207,208,209,304), found 415
USER	My Scenario	48	END	1552048131507	1552048131532
USER	My Scenario	49	START	1552048131606	1552048131606
REQUEST	49		My Request	1552048131607	1552048131630	KO	status.find.in(200,201,202,203,204,205,206,207,208,209,304), found 415
USER	My Scenario	49	END	1552048131606	1552048131631
USER	My Scenario	50	START	1552048131707	1552048131707
REQUEST	50		My Request	1552048131709	1552048131725	KO	status.find.in(200,201,202,203,204,205,206,207,208,209,304), found 415
USER	My Scenario	50	END	1552048131707	1552048131726
USER	My Scenario	51	START	1552048131806	1552048131806
REQUEST	51		My Request	1552048131807	1552048131830	KO	status.find.in(200,201,202,203,204,205,206,207,208,209,304), found 415
USER	My Scenario	51	END	1552048131806	1552048131832
USER	My Scenario	52	START	1552048131907	1552048131907
REQUEST	52		My Request	1552048131909	1552048131934	KO	status.find.in(200,201,202,203,204,205,206,207,208,209,304), found 415
USER	My Scenario	52	END	1552048131907	1552048131935
USER	My Scenario	53	START	1552048132007	1552048132007
REQUEST	53		My Request	1552048132008	1552048132033	KO	status.find.in(200,201,202,203,204,205,206,207,208,209,304), found 415
USER	My Scenario	53	END	1552048132007	1552048132034
USER	My Scenario	54	START	1552048132107	1552048132107
REQUEST	54		My Request	1552048132108	1552048132131	KO	status.find.in(200,201,202,203,204,205,206,207,208,209,304), found 415
USER	My Scenario	54	END	1552048132107	1552048132132
USER	My Scenario	55	START	1552048132207	1552048132207
REQUEST	55		My Request	1552048132209	1552048132229	KO	status.find.in(200,201,202,203,204,205,206,207,208,209,304), found 415
USER	My Scenario	55	END	1552048132207	1552048132231
USER	My Scenario	56	START	1552048132306	1552048132306
REQUEST	56		My Request	1552048132308	1552048132333	KO	status.find.in(200,201,202,203,204,205,206,207,208,209,304), found 415
USER	My Scenario	56	END	1552048132306	1552048132334
USER	My Scenario	57	START	1552048132405	1552048132405
REQUEST	57		My Request	1552048132407	1552048132426	KO	status.find.in(200,201,202,203,204,205,206,207,208,209,304), found 415
USER	My Scenario	57	END	1552048132405	1552048132427
USER	My Scenario	58	START	1552048132507	1552048132507
REQUEST	58		My Request	1552048132508	1552048132524	KO	status.find.in(200,201,202,203,204,205,206,207,208,209,304), found 415
USER	My Scenario	58	END	1552048132507	1552048132526
USER	My Scenario	59	START	1552048132605	1552048132605
REQUEST	59		My Request	1552048132606	1552048132624	KO	status.find.in(200,201,202,203,204,205,206,207,208,209,304), found 415
USER	My Scenario	59	END	1552048132605	1552048132625
USER	My Scenario	60	START	1552048132706	1552048132706
REQUEST	60		My Request	1552048132707	1552048132730	KO	status.find.in(200,201,202,203,204,205,206,207,208,209,304), found 415
USER	My Scenario	60	END	1552048132706	1552048132731
USER	My Scenario	61	START	1552048132807	1552048132807
REQUEST	61		My Request	1552048132808	1552048132831	KO	status.find.in(200,201,202,203,204,205,206,207,208,209,304), found 415
USER	My Scenario	61	END	1552048132807	1552048132832
USER	My Scenario	62	START	1552048132907	1552048132907
REQUEST	62		My Request	1552048132908	1552048132934	KO	status.find.in(200,201,202,203,204,205,206,207,208,209,304), found 415
USER	My Scenario	62	END	1552048132907	1552048132935
USER	My Scenario	63	START	1552048133007	1552048133007
REQUEST	63		My Request	1552048133008	1552048133026	KO	status.find.in(200,201,202,203,204,205,206,207,208,209,304), found 415
USER	My Scenario	63	END	1552048133007	1552048133027
USER	My Scenario	64	START	1552048133107	1552048133107
REQUEST	64		My Request	1552048133109	1552048133131	KO	status.find.in(200,201,202,203,204,205,206,207,208,209,304), found 415
USER	My Scenario	64	END	1552048133107	1552048133132
USER	My Scenario	65	START	1552048133206	1552048133206
REQUEST	65		My Request	1552048133207	1552048133232	KO	status.find.in(200,201,202,203,204,205,206,207,208,209,304), found 415
USER	My Scenario	65	END	1552048133206	1552048133234
USER	My Scenario	66	START	1552048133307	1552048133307
REQUEST	66		My Request	1552048133308	1552048133332	KO	status.find.in(200,201,202,203,204,205,206,207,208,209,304), found 415
USER	My Scenario	66	END	1552048133307	1552048133333
USER	My Scenario	67	START	1552048133406	1552048133406
REQUEST	67		My Request	1552048133408	1552048133432	KO	status.find.in(200,201,202,203,204,205,206,207,208,209,304), found 415
USER	My Scenario	67	END	1552048133406	1552048133433
USER	My Scenario	68	START	1552048133507	1552048133507
REQUEST	68		My Request	1552048133508	1552048133536	KO	status.find.in(200,201,202,203,204,205,206,207,208,209,304), found 415
USER	My Scenario	68	END	1552048133507	1552048133537
USER	My Scenario	69	START	1552048133606	1552048133606
REQUEST	69		My Request	1552048133607	1552048133630	KO	status.find.in(200,201,202,203,204,205,206,207,208,209,304), found 415
USER	My Scenario	69	END	1552048133606	1552048133631
USER	My Scenario	70	START	1552048133707	1552048133707
REQUEST	70		My Request	1552048133709	1552048133733	KO	status.find.in(200,201,202,203,204,205,206,207,208,209,304), found 415
USER	My Scenario	70	END	1552048133707	1552048133735
USER	My Scenario	71	START	1552048133807	1552048133807
REQUEST	71		My Request	1552048133809	1552048133836	KO	status.find.in(200,201,202,203,204,205,206,207,208,209,304), found 415
USER	My Scenario	71	END	1552048133807	1552048133838
USER	My Scenario	72	START	1552048133907	1552048133907
REQUEST	72		My Request	1552048133908	1552048133929	KO	status.find.in(200,201,202,203,204,205,206,207,208,209,304), found 415
USER	My Scenario	72	END	1552048133907	1552048133930
USER	My Scenario	73	START	1552048134007	1552048134007
REQUEST	73		My Request	1552048134009	1552048134033	KO	status.find.in(200,201,202,203,204,205,206,207,208,209,304), found 415
USER	My Scenario	73	END	1552048134007	1552048134034
USER	My Scenario	74	START	1552048134107	1552048134107
REQUEST	74		My Request	1552048134109	1552048134133	KO	status.find.in(200,201,202,203,204,205,206,207,208,209,304), found 415
USER	My Scenario	74	END	1552048134107	1552048134134
USER	My Scenario	75	START	1552048134207	1552048134207
REQUEST	75		My Request	1552048134208	1552048134235	KO	status.find.in(200,201,202,203,204,205,206,207,208,209,304), found 415
USER	My Scenario	75	END	1552048134207	1552048134236
USER	My Scenario	76	START	1552048134307	1552048134307
REQUEST	76		My Request	1552048134309	1552048134326	KO	status.find.in(200,201,202,203,204,205,206,207,208,209,304), found 415
USER	My Scenario	76	END	1552048134307	1552048134327
USER	My Scenario	77	START	1552048134406	1552048134406
REQUEST	77		My Request	1552048134407	1552048134429	KO	status.find.in(200,201,202,203,204,205,206,207,208,209,304), found 415
USER	My Scenario	77	END	1552048134406	1552048134430
USER	My Scenario	78	START	1552048134507	1552048134507
REQUEST	78		My Request	1552048134508	1552048134534	KO	status.find.in(200,201,202,203,204,205,206,207,208,209,304), found 415
USER	My Scenario	78	END	1552048134507	1552048134535
USER	My Scenario	79	START	1552048134607	1552048134607
REQUEST	79		My Request	1552048134607	1552048134634	KO	status.find.in(200,201,202,203,204,205,206,207,208,209,304), found 415
USER	My Scenario	79	END	1552048134607	1552048134635
USER	My Scenario	80	START	1552048134705	1552048134705
REQUEST	80		My Request	1552048134706	1552048134720	KO	status.find.in(200,201,202,203,204,205,206,207,208,209,304), found 415
USER	My Scenario	80	END	1552048134705	1552048134721
USER	My Scenario	81	START	1552048134807	1552048134807
REQUEST	81		My Request	1552048134808	1552048134833	KO	status.find.in(200,201,202,203,204,205,206,207,208,209,304), found 415
USER	My Scenario	81	END	1552048134807	1552048134834
USER	My Scenario	82	START	1552048134907	1552048134907
REQUEST	82		My Request	1552048134909	1552048134933	KO	status.find.in(200,201,202,203,204,205,206,207,208,209,304), found 415
USER	My Scenario	82	END	1552048134907	1552048134934
USER	My Scenario	83	START	1552048135007	1552048135007
REQUEST	83		My Request	1552048135008	1552048135025	KO	status.find.in(200,201,202,203,204,205,206,207,208,209,304), found 415
USER	My Scenario	83	END	1552048135007	1552048135026
USER	My Scenario	84	START	1552048135106	1552048135106
REQUEST	84		My Request	1552048135107	1552048135129	KO	status.find.in(200,201,202,203,204,205,206,207,208,209,304), found 415
USER	My Scenario	84	END	1552048135106	1552048135130
USER	My Scenario	85	START	1552048135206	1552048135206
REQUEST	85		My Request	1552048135207	1552048135229	KO	status.find.in(200,201,202,203,204,205,206,207,208,209,304), found 415
USER	My Scenario	85	END	1552048135206	1552048135230
USER	My Scenario	86	START	1552048135307	1552048135307
REQUEST	86		My Request	1552048135309	1552048135330	KO	status.find.in(200,201,202,203,204,205,206,207,208,209,304), found 415
USER	My Scenario	86	END	1552048135307	1552048135331
USER	My Scenario	87	START	1552048135407	1552048135407
REQUEST	87		My Request	1552048135408	1552048135428	KO	status.find.in(200,201,202,203,204,205,206,207,208,209,304), found 415
USER	My Scenario	87	END	1552048135407	1552048135429
USER	My Scenario	88	START	1552048135507	1552048135507
REQUEST	88		My Request	1552048135508	1552048135532	KO	status.find.in(200,201,202,203,204,205,206,207,208,209,304), found 415
USER	My Scenario	88	END	1552048135507	1552048135533
USER	My Scenario	89	START	1552048135607	1552048135607
REQUEST	89		My Request	1552048135609	1552048135631	KO	status.find.in(200,201,202,203,204,205,206,207,208,209,304), found 415
USER	My Scenario	89	END	1552048135607	1552048135632
USER	My Scenario	90	START	1552048135706	1552048135706
REQUEST	90		My Request	1552048135709	1552048135733	KO	status.find.in(200,201,202,203,204,205,206,207,208,209,304), found 415
USER	My Scenario	90	END	1552048135706	1552048135734
USER	My Scenario	91	START	1552048135808	1552048135808
REQUEST	91		My Request	1552048135809	1552048135833	KO	status.find.in(200,201,202,203,204,205,206,207,208,209,304), found 415
USER	My Scenario	91	END	1552048135808	1552048135834
USER	My Scenario	92	START	1552048135906	1552048135906
REQUEST	92		My Request	1552048135907	1552048135930	KO	status.find.in(200,201,202,203,204,205,206,207,208,209,304), found 415
USER	My Scenario	92	END	1552048135906	1552048135931
USER	My Scenario	93	START	1552048136006	1552048136006
REQUEST	93		My Request	1552048136007	1552048136029	KO	status.find.in(200,201,202,203,204,205,206,207,208,209,304), found 415
USER	My Scenario	93	END	1552048136006	1552048136030
USER	My Scenario	94	START	1552048136108	1552048136108
REQUEST	94		My Request	1552048136109	1552048136123	KO	status.find.in(200,201,202,203,204,205,206,207,208,209,304), found 415
USER	My Scenario	94	END	1552048136108	1552048136124
USER	My Scenario	95	START	1552048136207	1552048136207
REQUEST	95		My Request	1552048136208	1552048136231	KO	status.find.in(200,201,202,203,204,205,206,207,208,209,304), found 415
USER	My Scenario	95	END	1552048136207	1552048136232
USER	My Scenario	96	START	1552048136307	1552048136307
REQUEST	96		My Request	1552048136308	1552048136329	KO	status.find.in(200,201,202,203,204,205,206,207,208,209,304), found 415
USER	My Scenario	96	END	1552048136307	1552048136330
USER	My Scenario	97	START	1552048136406	1552048136406
REQUEST	97		My Request	1552048136408	1552048136430	KO	status.find.in(200,201,202,203,204,205,206,207,208,209,304), found 415
USER	My Scenario	97	END	1552048136406	1552048136431
USER	My Scenario	98	START	1552048136507	1552048136507
REQUEST	98		My Request	1552048136509	1552048136531	KO	status.find.in(200,201,202,203,204,205,206,207,208,209,304), found 415
USER	My Scenario	98	END	1552048136507	1552048136532
USER	My Scenario	99	START	1552048136606	1552048136606
REQUEST	99		My Request	1552048136607	1552048136630	KO	status.find.in(200,201,202,203,204,205,206,207,208,209,304), found 415
USER	My Scenario	99	END	1552048136606	1552048136631
USER	My Scenario	100	START	1552048136704	1552048136704
REQUEST	100		My Request	1552048136706	1552048136731	KO	status.find.in(200,201,202,203,204,205,206,207,208,209,304), found 415
USER	My Scenario	100	END	1552048136704	1552048136732
